生成启动时间为 2016/5/4 16:38:00。
     1>项目“C:\Research\LibSVMsharp-master\CUDA-master\src\windows\libsvm_train_dense_gpu\libsvm_train_dense_gpu.vcxproj”在节点 2 上(Build 个目标)。
     1>ClCompile:
         C:\Program Files (x86)\Microsoft Visual Studio 12.0\VC\bin\x86_amd64\CL.exe /c /I"C:/Documents and Settings/All Users/Application Data/NVIDIA Corporation/NVIDIA GPU Computing SDK/C/common/inc" /I"C:\Program Files\NVIDIA GPU Computing Toolkit\CUDA\v7.5\include" /Zi /nologo /W3 /WX- /Od /D WIN32 /D _DEBUG /D _CONSOLE /D _CONSOLE /D _CRT_SECURE_NO_DEPRECATE /D _DENSE_REP /D _WINDLL /D _UNICODE /D UNICODE /Gm /EHsc /RTC1 /MDd /GS /fp:precise /Zc:wchar_t /Zc:forScope /Fo"x64\Debug\\" /Fd"x64\Debug\vc120.pdb" /FR"x64\Debug\\" /Gd /TC /errorReport:prompt "svm-train.c"
         svm-train.c
     1>c:\research\libsvmsharp-master\cuda-master\src\windows\libsvm_train_dense_gpu\svm.h(3): warning C4005: “_DENSE_REP”: 宏重定义
                 命令行参数: 参见前面的“_DENSE_REP”定义
     1>c:\research\libsvmsharp-master\cuda-master\src\windows\libsvm_train_dense_gpu\kernel_matrix_calculation.c(131): warning C4244: “初始化”: 从“double”转换到“float”，可能丢失数据
         C:\Program Files (x86)\Microsoft Visual Studio 12.0\VC\bin\x86_amd64\CL.exe /c /I"C:/Documents and Settings/All Users/Application Data/NVIDIA Corporation/NVIDIA GPU Computing SDK/C/common/inc" /I"C:\Program Files\NVIDIA GPU Computing Toolkit\CUDA\v7.5\include" /Zi /nologo /W3 /WX- /Od /D WIN32 /D _DEBUG /D _CONSOLE /D _CONSOLE /D _CRT_SECURE_NO_DEPRECATE /D _DENSE_REP /D _WINDLL /D _UNICODE /D UNICODE /Gm /EHsc /RTC1 /MDd /GS /fp:precise /Zc:wchar_t /Zc:forScope /Fo"x64\Debug\\" /Fd"x64\Debug\vc120.pdb" /FR"x64\Debug\\" /Gd /TP /errorReport:prompt svm.cpp
         正在跳过...(未检测到相关更改)
         svm.cpp
       Link:
         C:\Program Files (x86)\Microsoft Visual Studio 12.0\VC\bin\x86_amd64\link.exe /ERRORREPORT:PROMPT /OUT:"C:\Research\LibSVMsharp-master\CUDA-master\src\windows\x64\Debug\libsvm_train_dense_gpu.dll" /INCREMENTAL /NOLOGO /LIBPATH:"C:\Program Files\NVIDIA GPU Computing Toolkit\CUDA\v7.5\lib\x64" cublas.lib cudart.lib /MANIFEST /MANIFESTUAC:"level='asInvoker' uiAccess='false'" /manifest:embed /manifestinput:"C:\Program Files (x86)\Microsoft Visual Studio 12.0\VC\Include\Manifest\dpiaware.manifest" /DEBUG /PDB:"C:\Research\LibSVMsharp-master\CUDA-master\src\windows\x64\Debug\libsvm_train_dense_gpu.pdb" /SUBSYSTEM:CONSOLE /TLBID:1 /DYNAMICBASE:NO /IMPLIB:"C:\Research\LibSVMsharp-master\CUDA-master\src\windows\x64\Debug\libsvm_train_dense_gpu.lib" /MACHINE:X64 /DLL "x64\Debug\svm-train.obj"
         x64\Debug\svm.obj
         libsvm_train_dense_gpu.vcxproj -> C:\Research\LibSVMsharp-master\CUDA-master\src\windows\x64\Debug\libsvm_train_dense_gpu.dll
       BscMake:
         C:\Program Files (x86)\Microsoft Visual Studio 12.0\VC\bin\bscmake.exe /nologo /o"C:\Research\LibSVMsharp-master\CUDA-master\src\windows\x64\Debug\libsvm_train_dense_gpu.bsc" /n "x64\Debug\svm-train.sbr" x64\Debug\svm.sbr
     1>已完成生成项目“C:\Research\LibSVMsharp-master\CUDA-master\src\windows\libsvm_train_dense_gpu\libsvm_train_dense_gpu.vcxproj”(Build 个目标)的操作。

生成成功。

已用时间 00:00:00.77
